<<< Itinerario de Sole>>>

Nombre del producto: Pack paisajes
Tipo de atracción: PAISAJE
Costo: 22 Tiempo: 10.5
---------------------------------

Nombre del producto: Pack degustación
Tipo de atracción: DEGUSTACIÓN
Costo: 2 Tiempo: 7.5
---------------------------------

Nombre del producto: Mordor
Tipo de atracción: AVENTURA
Costo: 25 Tiempo: 3.0
---------------------------------

Nombre del producto: Moria
Tipo de atracción: AVENTURA
Costo: 10 Tiempo: 2.0
---------------------------------
Atracciones a visitar: 
Minas Tirith
Abismo de Helm
Erebor
Lothlórien
La Comarca
Mordor
Moria
Costo total: 59
Tiempo total: 23.0
